<?xml version="1.0" encoding="UTF-8"?>
<!-- Generated by org.testng.reporters.JUnitReportReporter -->
<testsuite hostname="DESKTOP-5D9A7RR" failures="0" tests="1" name="API_Requests.Jobs_GET" time="1.734" errors="0" timestamp="2022-02-08T12:43:05 EST" skipped="0">
  <testcase classname="API_Requests.Jobs_GET" name="getallJobs" time="1.734"/>
  <system-out/>
</testsuite> <!-- API_Requests.Jobs_GET -->
