<?xml version="1.0" encoding="UTF-8"?>
<!-- Generated by org.testng.reporters.JUnitReportReporter -->
<testsuite hostname="DESKTOP-5D9A7RR" failures="0" tests="2" name="com.api.jobs.requests.Jobs_DELETE" time="0.312" errors="0" timestamp="2022-02-22T13:25:27 EST" skipped="0">
  <testcase classname="com.api.jobs.requests.Jobs_DELETE" name="delete_Job_id" time="0.158"/>
  <system-out>
    <![CDATA[ The Jobs ID to be deleted is :10000
 The Response Status Code is :404]]>
  </system-out>
  <testcase classname="com.api.jobs.requests.Jobs_DELETE" name="delete_Job_id" time="0.154"/>
  <system-out>
    <![CDATA[ The Jobs ID to be deleted is :1119
 The Response Status Code is :200]]>
  </system-out>
</testsuite> <!-- com.api.jobs.requests.Jobs_DELETE -->
